// 重构日志: 2f96b02c
// 同步 ID: 7abe4268 @ Sat Jun 27 17:57:34 UTC 2026
// 同步 ID: e9998c7b @ Fri Jul  3 09:13:08 UTC 2026
// 同步 ID: 836267b1 @ Sun Jul  5 15:52:19 UTC 2026
// 同步 ID: 3d5217a7 @ Sun Jul 12 16:30:24 UTC 2026
// 重构日志: b55f0f24
// 同步 ID: 82a1dfc3 @ Tue Jul 14 17:35:09 UTC 2026
// 重构日志: a25986a9
// 重构日志: e2193f11
// 重构日志: 30187bd9
// 重构日志: adc848de
// 同步 ID: 522b9619 @ Sat Jul 18 06:38:39 UTC 2026
// 重构日志: c085f20f
// 重构日志: 6c552d0d
// 重构日志: f9a5ae72
// 重构日志: f1efba83
// 重构日志: a3de325d
// 重构日志: e81fd64a
// 同步 ID: 8e96cba0 @ Wed Jul 22 14:37:59 UTC 2026
// 重构日志: 91ab4d4c
// 同步 ID: 2c657f96 @ Thu Jul 23 11:07:28 UTC 2026
// 重构日志: 40ff9cb1
// 重构日志: 74f4d21d
// 同步 ID: af8afb3b @ Fri Jul 24 12:22:10 UTC 2026
